<?xml version="1.0" encoding="UTF-8"?>
<testng-results ignored="0" total="1" passed="1" failed="0" skipped="0">
  <reporter-output>
  </reporter-output>
  <suite started-at="2024-01-13T14:39:45 IST" name="Default suite" finished-at="2024-01-13T14:39:50 IST" duration-ms="4902">
    <groups>
    </groups>
    <test started-at="2024-01-13T14:39:45 IST" name="Default test" finished-at="2024-01-13T14:39:50 IST" duration-ms="4902">
      <class name="TestLayer.RegisterUserTest">
        <test-method is-config="true" signature="setup()[pri:0, instance:TestLayer.RegisterUserTest@1e04fa0a]" started-at="2024-01-13T14:39:45 IST" name="setup" finished-at="2024-01-13T14:39:48 IST" duration-ms="3459" status="PASS">
          <reporter-output>
          </reporter-output>
        </test-method> <!-- setup -->
        <test-method signature="validateregisteruser()[pri:0, instance:TestLayer.RegisterUserTest@1e04fa0a]" started-at="2024-01-13T14:39:48 IST" name="validateregisteruser" finished-at="2024-01-13T14:39:50 IST" duration-ms="1417" status="PASS">
          <reporter-output>
          </reporter-output>
        </test-method> <!-- validateregisteruser -->
        <test-method is-config="true" signature="teardown()[pri:0, instance:TestLayer.RegisterUserTest@1e04fa0a]" started-at="2024-01-13T14:39:50 IST" name="teardown" finished-at="2024-01-13T14:39:50 IST" duration-ms="0" status="PASS">
          <reporter-output>
          </reporter-output>
        </test-method> <!-- teardown -->
      </class> <!-- TestLayer.RegisterUserTest -->
    </test> <!-- Default test -->
  </suite> <!-- Default suite -->
</testng-results>
